[2018/09/17 03:12:30 AM UTC] INFO: User 1 updated.
[2018/09/17 03:20:19 AM UTC] EXCEPTION: 2002: SQLSTATE[HY000] [2002] No such file or directory
[2018/09/17 03:23:56 AM UTC] EXCEPTION: 2002: SQLSTATE[HY000] [2002] No such file or directory
[2018/09/17 03:23:56 AM UTC] EXCEPTION: PDOException: SQLSTATE[HY000] [2002] No such file or directory in /srv/http/php_ferdie/core/container.php:25
Stack trace:
#0 /srv/http/php_ferdie/public/index.php(27): require_once()
#1 {main}
[2018/09/17 03:26:19 AM UTC] EXCEPTION: 2002: SQLSTATE[HY000] [2002] No such file or directory
[2018/09/17 03:26:19 AM UTC] EXCEPTION: SQLSTATE[HY000] [2002] No such file or directory
[2018/09/17 03:30:48 AM UTC] EXCEPTION: 2002: SQLSTATE[HY000] [2002] No such file or directory
[2018/09/17 03:30:48 AM UTC] EXCEPTION: SQLSTATE[HY000] [2002] No such file or directory
#0 /srv/http/php_ferdie/public/index.php(27): require_once()
#1 {main}
[2018/09/17 03:31:59 AM UTC] EXCEPTION: 2002: SQLSTATE[HY000] [2002] No such file or directory
1024: Test error /srv/http/php_ferdie/public/index.php 24My WARNING</b> [512] Test error
USER ERROR [256]Test error
  Fatal error on line 24 in file /srv/http/php_ferdie/public/index.php, PHP 7.2.10 (Linux)
Aborting...

Unknown error type: [2] Invalid error type specified
Unknown error type: [8] Undefined index: USER_NAME
Unknown error type: [8] Undefined index: USER_EMAIL
[2018/09/17 04:58:44 AM UTC] INFO: User 1 updated.
[2018/09/17 05:10:42 AM UTC] EXCEPTION: Test error
[2018/09/17 05:11:51 AM UTC] EXCEPTION: Test error
[2018/09/17 05:13:34 AM UTC] EXCEPTION: Test error
[2018/09/17 05:13:34 AM UTC] EXCEPTION: Uncaught Whoops\Exception\ErrorException: Undefined index: REDIRECT_ROUTE in /srv/http/php_ferdie/core/helpers.php:104
Stack trace:
#0 /srv/http/php_ferdie/core/helpers.php(104): Whoops\Run->handleError(8, 'Undefined index...', '/srv/http/php_f...', 104, Array)
#1 /srv/http/php_ferdie/public/index.php(26): back()
#2 /srv/http/php_ferdie/vendor/filp/whoops/src/Whoops/Handler/CallbackHandler.php(50): {closure}(Object(Whoops\Exception\ErrorException), Object(Whoops\Exception\Inspector), Object(Whoops\Run))
#3 /srv/http/php_ferdie/vendor/filp/whoops/src/Whoops/Run.php(272): Whoops\Handler\CallbackHandler->handle(Object(Whoops\Exception\ErrorException))
#4 [internal function]: Whoops\Run->handleException(Object(Whoops\Exception\ErrorException))
#5 {main}
  thrown
[2018/09/17 05:13:34 AM UTC] EXCEPTION: Undefined index: REDIRECT_ROUTE
[2018/09/17 05:14:18 AM UTC] EXCEPTION: Test error
[2018/09/17 05:18:24 AM UTC] EXCEPTION: Test error
[2018/09/17 05:18:32 AM UTC] EXCEPTION: Test error
[2018/09/17 05:18:33 AM UTC] EXCEPTION: Test error
[2018/09/17 05:21:33 AM UTC] EXCEPTION: Test error
[2018/09/17 05:21:40 AM UTC] EXCEPTION: Test error
[2018/09/17 05:21:47 AM UTC] EXCEPTION: Test error
[2018/09/17 08:59:07 AM UTC] ERROR EXCEPTION: SQLSTATE[HY000] [2002] No such file or directory
[2018/09/17 09:01:09 AM UTC] ERROR EXCEPTION: SQLSTATE[HY000] [2002] No such file or directory
[2018/09/17 09:04:57 AM UTC] ERROR EXCEPTION: Test error
[2018/09/17 09:04:57 AM UTC] ERROR EXCEPTION: Uncaught Whoops\Exception\ErrorException: Undefined variable: whoops in /srv/http/php_ferdie/public/index.php:34
Stack trace:
#0 /srv/http/php_ferdie/public/index.php(34): Whoops\Run->handleError(8, 'Undefined varia...', '/srv/http/php_f...', 34, Array)
#1 /srv/http/php_ferdie/vendor/filp/whoops/src/Whoops/Handler/CallbackHandler.php(50): {closure}(Object(Whoops\Exception\ErrorException), Object(Whoops\Exception\Inspector), Object(Whoops\Run))
#2 /srv/http/php_ferdie/vendor/filp/whoops/src/Whoops/Run.php(272): Whoops\Handler\CallbackHandler->handle(Object(Whoops\Exception\ErrorException))
#3 [internal function]: Whoops\Run->handleException(Object(Whoops\Exception\ErrorException))
#4 {main}
  thrown
[2018/09/17 09:04:57 AM UTC] ERROR EXCEPTION: Undefined variable: whoops
[2018/09/17 09:07:13 AM UTC] ERROR EXCEPTION: Test error
[2018/09/17 09:08:32 AM UTC] ERROR EXCEPTION: Test error
[2018/09/17 09:10:36 AM UTC] ERROR EXCEPTION: SQLSTATE[HY000] [2002] No such file or directory
[2018/09/17 09:10:36 AM UTC] ERROR EXCEPTION: SQLSTATE[HY000] [2002] No such file or directory
[2018/09/18 02:21:29 PM UTC] INFO: User 1 updated.
[2018/09/18 02:22:59 PM UTC] INFO: User 1 updated.
[2018/09/18 02:43:59 PM UTC] INFO: User 1 updated.
[2018/09/18 02:49:33 PM UTC] INFO: User 1 updated.
[2018/09/18 02:51:26 PM UTC] INFO: User 1 updated.
